{"/Users/stuartbeard/development/github-action/lib/Flagsmith.js": {"path":"/Users/stuartbeard/development/github-action/lib/Flagsmith.js","statementMap":{"0":{"start":{"line":1,"column":14},"end":{"line":1,"column":30}},"1":{"start":{"line":3,"column":27},"end":{"line":3,"column":95}},"2":{"start":{"line":3,"column":51},"end":{"line":3,"column":95}},"3":{"start":{"line":4,"column":30},"end":{"line":4,"column":116}},"4":{"start":{"line":4,"column":59},"end":{"line":4,"column":116}},"5":{"start":{"line":5,"column":29},"end":{"line":5,"column":143}},"6":{"start":{"line":5,"column":74},"end":{"line":5,"column":143}},"7":{"start":{"line":19,"column":4},"end":{"line":19,"column":30}},"8":{"start":{"line":20,"column":4},"end":{"line":20,"column":27}},"9":{"start":{"line":21,"column":4},"end":{"line":21,"column":42}},"10":{"start":{"line":22,"column":4},"end":{"line":22,"column":32}},"11":{"start":{"line":26,"column":23},"end":{"line":33,"column":5}},"12":{"start":{"line":35,"column":4},"end":{"line":39,"column":6}},"13":{"start":{"line":43,"column":4},"end":{"line":50,"column":55}},"14":{"start":{"line":50,"column":26},"end":{"line":50,"column":53}},"15":{"start":{"line":54,"column":26},"end":{"line":56,"column":5}},"16":{"start":{"line":58,"column":4},"end":{"line":62,"column":6}},"17":{"start":{"line":66,"column":0},"end":{"line":66,"column":30}}},"fnMap":{"0":{"name":"(anonymous_0)","decl":{"start":{"line":3,"column":27},"end":{"line":3,"column":28}},"loc":{"start":{"line":3,"column":51},"end":{"line":3,"column":95}},"line":3},"1":{"name":"(anonymous_1)","decl":{"start":{"line":4,"column":30},"end":{"line":4,"column":31}},"loc":{"start":{"line":4,"column":59},"end":{"line":4,"column":116}},"line":4},"2":{"name":"(anonymous_2)","decl":{"start":{"line":5,"column":29},"end":{"line":5,"column":30}},"loc":{"start":{"line":5,"column":74},"end":{"line":5,"column":143}},"line":5},"3":{"name":"(anonymous_3)","decl":{"start":{"line":16,"column":2},"end":{"line":16,"column":3}},"loc":{"start":{"line":18,"column":5},"end":{"line":23,"column":3}},"line":18},"4":{"name":"(anonymous_4)","decl":{"start":{"line":25,"column":2},"end":{"line":25,"column":3}},"loc":{"start":{"line":25,"column":49},"end":{"line":40,"column":3}},"line":25},"5":{"name":"(anonymous_5)","decl":{"start":{"line":42,"column":2},"end":{"line":42,"column":3}},"loc":{"start":{"line":42,"column":37},"end":{"line":51,"column":3}},"line":42},"6":{"name":"(anonymous_6)","decl":{"start":{"line":50,"column":12},"end":{"line":50,"column":13}},"loc":{"start":{"line":50,"column":26},"end":{"line":50,"column":53}},"line":50},"7":{"name":"(anonymous_7)","decl":{"start":{"line":53,"column":2},"end":{"line":53,"column":3}},"loc":{"start":{"line":53,"column":57},"end":{"line":63,"column":3}},"line":53}},"branchMap":{},"s":{"0":1,"1":1,"2":0,"3":1,"4":0,"5":1,"6":0,"7":11,"8":11,"9":11,"10":11,"11":0,"12":0,"13":0,"14":0,"15":0,"16":0,"17":1},"f":{"0":0,"1":0,"2":0,"3":11,"4":0,"5":0,"6":0,"7":0},"b":{},"_coverageSchema":"1a1c01bbd47fc00a2c39e90264f33305004495a9","hash":"4b74c51663696ff6f93d0ea4456061bee5f396a1"}
,"/Users/stuartbeard/development/github-action/lib/setup.js": {"path":"/Users/stuartbeard/development/github-action/lib/setup.js","statementMap":{"0":{"start":{"line":1,"column":13},"end":{"line":1,"column":37}},"1":{"start":{"line":3,"column":22},"end":{"line":3,"column":50}},"2":{"start":{"line":4,"column":21},"end":{"line":4,"column":43}},"3":{"start":{"line":5,"column":29},"end":{"line":5,"column":65}},"4":{"start":{"line":6,"column":35},"end":{"line":6,"column":76}},"5":{"start":{"line":7,"column":28},"end":{"line":7,"column":62}},"6":{"start":{"line":9,"column":0},"end":{"line":60,"column":2}},"7":{"start":{"line":14,"column":2},"end":{"line":19,"column":3}},"8":{"start":{"line":15,"column":4},"end":{"line":15,"column":31}},"9":{"start":{"line":17,"column":4},"end":{"line":17,"column":30}},"10":{"start":{"line":18,"column":4},"end":{"line":18,"column":16}},"11":{"start":{"line":21,"column":2},"end":{"line":59,"column":3}},"12":{"start":{"line":22,"column":4},"end":{"line":22,"column":50}},"13":{"start":{"line":23,"column":4},"end":{"line":23,"column":58}},"14":{"start":{"line":24,"column":4},"end":{"line":24,"column":51}},"15":{"start":{"line":25,"column":4},"end":{"line":25,"column":63}},"16":{"start":{"line":26,"column":32},"end":{"line":26,"column":34}},"17":{"start":{"line":28,"column":4},"end":{"line":53,"column":9}},"18":{"start":{"line":30,"column":8},"end":{"line":30,"column":79}},"19":{"start":{"line":31,"column":8},"end":{"line":34,"column":10}},"20":{"start":{"line":37,"column":8},"end":{"line":39,"column":10}},"21":{"start":{"line":40,"column":8},"end":{"line":52,"column":10}},"22":{"start":{"line":43,"column":39},"end":{"line":51,"column":15}},"23":{"start":{"line":55,"column":4},"end":{"line":55,"column":43}},"24":{"start":{"line":57,"column":4},"end":{"line":57,"column":30}},"25":{"start":{"line":58,"column":4},"end":{"line":58,"column":16}}},"fnMap":{"0":{"name":"(anonymous_0)","decl":{"start":{"line":9,"column":16},"end":{"line":9,"column":17}},"loc":{"start":{"line":9,"column":28},"end":{"line":60,"column":1}},"line":9},"1":{"name":"(anonymous_1)","decl":{"start":{"line":29,"column":11},"end":{"line":29,"column":12}},"loc":{"start":{"line":29,"column":32},"end":{"line":35,"column":7}},"line":29},"2":{"name":"(anonymous_2)","decl":{"start":{"line":36,"column":15},"end":{"line":36,"column":16}},"loc":{"start":{"line":36,"column":32},"end":{"line":53,"column":7}},"line":36},"3":{"name":"(anonymous_3)","decl":{"start":{"line":43,"column":18},"end":{"line":43,"column":19}},"loc":{"start":{"line":43,"column":39},"end":{"line":51,"column":15}},"line":43}},"branchMap":{"0":{"loc":{"start":{"line":43,"column":39},"end":{"line":51,"column":15}},"type":"cond-expr","locations":[{"start":{"line":44,"column":16},"end":{"line":47,"column":15}},{"start":{"line":48,"column":16},"end":{"line":51,"column":15}}],"line":43}},"s":{"0":1,"1":1,"2":1,"3":1,"4":1,"5":1,"6":1,"7":11,"8":11,"9":0,"10":0,"11":11,"12":11,"13":11,"14":11,"15":11,"16":11,"17":11,"18":0,"19":0,"20":0,"21":0,"22":0,"23":11,"24":0,"25":0},"f":{"0":11,"1":0,"2":0,"3":0},"b":{"0":[0,0]},"_coverageSchema":"1a1c01bbd47fc00a2c39e90264f33305004495a9","hash":"04890be1b32374cad7bbc5aeeb198f23cfbc1dd0"}
,"/Users/stuartbeard/development/github-action/lib/utils/getFileContents.js": {"path":"/Users/stuartbeard/development/github-action/lib/utils/getFileContents.js","statementMap":{"0":{"start":{"line":1,"column":11},"end":{"line":1,"column":24}},"1":{"start":{"line":2,"column":13},"end":{"line":2,"column":37}},"2":{"start":{"line":4,"column":0},"end":{"line":7,"column":2}},"3":{"start":{"line":5,"column":2},"end":{"line":5,"column":48}},"4":{"start":{"line":6,"column":2},"end":{"line":6,"column":57}}},"fnMap":{"0":{"name":"getFileContents","decl":{"start":{"line":4,"column":35},"end":{"line":4,"column":50}},"loc":{"start":{"line":4,"column":61},"end":{"line":7,"column":1}},"line":4}},"branchMap":{},"s":{"0":2,"1":2,"2":2,"3":1,"4":1},"f":{"0":1},"b":{},"_coverageSchema":"1a1c01bbd47fc00a2c39e90264f33305004495a9","hash":"ff4d6a92c4d9623f72af29ab92c3194ea9995919"}
,"/Users/stuartbeard/development/github-action/lib/utils/getInput.js": {"path":"/Users/stuartbeard/development/github-action/lib/utils/getInput.js","statementMap":{"0":{"start":{"line":1,"column":13},"end":{"line":1,"column":37}},"1":{"start":{"line":3,"column":0},"end":{"line":9,"column":2}},"2":{"start":{"line":4,"column":16},"end":{"line":4,"column":51}},"3":{"start":{"line":5,"column":2},"end":{"line":7,"column":3}},"4":{"start":{"line":6,"column":4},"end":{"line":6,"column":56}},"5":{"start":{"line":8,"column":2},"end":{"line":8,"column":15}},"6":{"start":{"line":11,"column":0},"end":{"line":17,"column":2}},"7":{"start":{"line":12,"column":16},"end":{"line":12,"column":55}},"8":{"start":{"line":13,"column":2},"end":{"line":15,"column":3}},"9":{"start":{"line":14,"column":4},"end":{"line":14,"column":56}},"10":{"start":{"line":16,"column":2},"end":{"line":16,"column":15}}},"fnMap":{"0":{"name":"(anonymous_0)","decl":{"start":{"line":3,"column":28},"end":{"line":3,"column":29}},"loc":{"start":{"line":3,"column":68},"end":{"line":9,"column":1}},"line":3},"1":{"name":"(anonymous_1)","decl":{"start":{"line":11,"column":27},"end":{"line":11,"column":28}},"loc":{"start":{"line":11,"column":46},"end":{"line":17,"column":1}},"line":11}},"branchMap":{"0":{"loc":{"start":{"line":3,"column":44},"end":{"line":3,"column":63}},"type":"default-arg","locations":[{"start":{"line":3,"column":59},"end":{"line":3,"column":63}}],"line":3},"1":{"loc":{"start":{"line":4,"column":16},"end":{"line":4,"column":51}},"type":"binary-expr","locations":[{"start":{"line":4,"column":16},"end":{"line":4,"column":35}},{"start":{"line":4,"column":39},"end":{"line":4,"column":51}}],"line":4},"2":{"loc":{"start":{"line":5,"column":2},"end":{"line":7,"column":3}},"type":"if","locations":[{"start":{"line":5,"column":2},"end":{"line":7,"column":3}},{"start":{},"end":{}}],"line":5},"3":{"loc":{"start":{"line":5,"column":6},"end":{"line":5,"column":37}},"type":"binary-expr","locations":[{"start":{"line":5,"column":6},"end":{"line":5,"column":13}},{"start":{"line":5,"column":17},"end":{"line":5,"column":37}}],"line":5},"4":{"loc":{"start":{"line":13,"column":2},"end":{"line":15,"column":3}},"type":"if","locations":[{"start":{"line":13,"column":2},"end":{"line":15,"column":3}},{"start":{},"end":{}}],"line":13},"5":{"loc":{"start":{"line":13,"column":6},"end":{"line":13,"column":37}},"type":"binary-expr","locations":[{"start":{"line":13,"column":6},"end":{"line":13,"column":13}},{"start":{"line":13,"column":17},"end":{"line":13,"column":37}}],"line":13}},"s":{"0":2,"1":2,"2":59,"3":59,"4":1,"5":58,"6":2,"7":35,"8":35,"9":1,"10":34},"f":{"0":59,"1":35},"b":{"0":[1],"1":[59,50],"2":[1,58],"3":[59,59],"4":[1,34],"5":[35,2]},"_coverageSchema":"1a1c01bbd47fc00a2c39e90264f33305004495a9","hash":"9c5616123db10a433d96ddd3fa9c61be70da5386"}
,"/Users/stuartbeard/development/github-action/lib/utils/getInputs.js": {"path":"/Users/stuartbeard/development/github-action/lib/utils/getInputs.js","statementMap":{"0":{"start":{"line":1,"column":13},"end":{"line":1,"column":37}},"1":{"start":{"line":3,"column":48},"end":{"line":3,"column":69}},"2":{"start":{"line":5,"column":0},"end":{"line":47,"column":2}},"3":{"start":{"line":6,"column":2},"end":{"line":46,"column":3}},"4":{"start":{"line":7,"column":4},"end":{"line":7,"column":61}},"5":{"start":{"line":8,"column":27},"end":{"line":8,"column":62}},"6":{"start":{"line":9,"column":22},"end":{"line":9,"column":60}},"7":{"start":{"line":10,"column":21},"end":{"line":10,"column":58}},"8":{"start":{"line":11,"column":19},"end":{"line":15,"column":5}},"9":{"start":{"line":17,"column":21},"end":{"line":21,"column":5}},"10":{"start":{"line":22,"column":21},"end":{"line":22,"column":80}},"11":{"start":{"line":24,"column":23},"end":{"line":24,"column":75}},"12":{"start":{"line":25,"column":23},"end":{"line":25,"column":75}},"13":{"start":{"line":27,"column":4},"end":{"line":42,"column":6}},"14":{"start":{"line":44,"column":4},"end":{"line":44,"column":43}},"15":{"start":{"line":45,"column":4},"end":{"line":45,"column":12}}},"fnMap":{"0":{"name":"(anonymous_0)","decl":{"start":{"line":5,"column":20},"end":{"line":5,"column":21}},"loc":{"start":{"line":5,"column":26},"end":{"line":47,"column":1}},"line":5}},"branchMap":{},"s":{"0":1,"1":1,"2":1,"3":11,"4":11,"5":11,"6":11,"7":11,"8":11,"9":11,"10":11,"11":11,"12":11,"13":11,"14":0,"15":0},"f":{"0":11},"b":{},"_coverageSchema":"1a1c01bbd47fc00a2c39e90264f33305004495a9","hash":"9adef35b95f869b64aa1767901b2aec74b3a74e1"}
,"/Users/stuartbeard/development/github-action/lib/utils/getParentDirectoryName.js": {"path":"/Users/stuartbeard/development/github-action/lib/utils/getParentDirectoryName.js","statementMap":{"0":{"start":{"line":1,"column":13},"end":{"line":1,"column":28}},"1":{"start":{"line":2,"column":13},"end":{"line":2,"column":37}},"2":{"start":{"line":4,"column":0},"end":{"line":7,"column":2}},"3":{"start":{"line":5,"column":2},"end":{"line":5,"column":63}},"4":{"start":{"line":6,"column":2},"end":{"line":6,"column":47}}},"fnMap":{"0":{"name":"getParentDirectoryName","decl":{"start":{"line":4,"column":42},"end":{"line":4,"column":64}},"loc":{"start":{"line":4,"column":75},"end":{"line":7,"column":1}},"line":4}},"branchMap":{},"s":{"0":2,"1":2,"2":2,"3":1,"4":1},"f":{"0":1},"b":{},"_coverageSchema":"1a1c01bbd47fc00a2c39e90264f33305004495a9","hash":"4539d3703d22b3c5b7012047ad3c6a3725797b16"}
,"/Users/stuartbeard/development/github-action/lib/utils/listFilteredFiles.js": {"path":"/Users/stuartbeard/development/github-action/lib/utils/listFilteredFiles.js","statementMap":{"0":{"start":{"line":1,"column":11},"end":{"line":1,"column":33}},"1":{"start":{"line":2,"column":13},"end":{"line":2,"column":37}},"2":{"start":{"line":4,"column":0},"end":{"line":30,"column":2}},"3":{"start":{"line":8,"column":16},"end":{"line":8,"column":18}},"4":{"start":{"line":9,"column":31},"end":{"line":9,"column":33}},"5":{"start":{"line":10,"column":2},"end":{"line":12,"column":4}},"6":{"start":{"line":13,"column":2},"end":{"line":27,"column":4}},"7":{"start":{"line":15,"column":6},"end":{"line":25,"column":9}},"8":{"start":{"line":16,"column":8},"end":{"line":24,"column":9}},"9":{"start":{"line":17,"column":10},"end":{"line":17,"column":74}},"10":{"start":{"line":18,"column":10},"end":{"line":20,"column":12}},"11":{"start":{"line":21,"column":15},"end":{"line":24,"column":9}},"12":{"start":{"line":22,"column":10},"end":{"line":22,"column":72}},"13":{"start":{"line":23,"column":10},"end":{"line":23,"column":48}},"14":{"start":{"line":28,"column":2},"end":{"line":28,"column":97}},"15":{"start":{"line":28,"column":63},"end":{"line":28,"column":95}},"16":{"start":{"line":29,"column":2},"end":{"line":29,"column":15}}},"fnMap":{"0":{"name":"filteredFileList","decl":{"start":{"line":4,"column":42},"end":{"line":4,"column":58}},"loc":{"start":{"line":7,"column":3},"end":{"line":30,"column":1}},"line":7},"1":{"name":"(anonymous_1)","decl":{"start":{"line":14,"column":4},"end":{"line":14,"column":5}},"loc":{"start":{"line":14,"column":15},"end":{"line":26,"column":5}},"line":14},"2":{"name":"(anonymous_2)","decl":{"start":{"line":15,"column":20},"end":{"line":15,"column":21}},"loc":{"start":{"line":15,"column":30},"end":{"line":25,"column":7}},"line":15},"3":{"name":"(anonymous_3)","decl":{"start":{"line":28,"column":47},"end":{"line":28,"column":48}},"loc":{"start":{"line":28,"column":63},"end":{"line":28,"column":95}},"line":28}},"branchMap":{"0":{"loc":{"start":{"line":16,"column":8},"end":{"line":24,"column":9}},"type":"if","locations":[{"start":{"line":16,"column":8},"end":{"line":24,"column":9}},{"start":{"line":21,"column":15},"end":{"line":24,"column":9}}],"line":16},"1":{"loc":{"start":{"line":21,"column":15},"end":{"line":24,"column":9}},"type":"if","locations":[{"start":{"line":21,"column":15},"end":{"line":24,"column":9}},{"start":{},"end":{}}],"line":21}},"s":{"0":2,"1":2,"2":2,"3":17,"4":17,"5":17,"6":17,"7":17,"8":28,"9":3,"10":3,"11":25,"12":5,"13":5,"14":17,"15":17,"16":17},"f":{"0":17,"1":17,"2":28,"3":17},"b":{"0":[3,25],"1":[5,20]},"_coverageSchema":"1a1c01bbd47fc00a2c39e90264f33305004495a9","hash":"700a49fbc3479ca17fc4bff034f43363f0eacd92"}
}
