TN:
SF:lib/Flagsmith.js
FN:3,(anonymous_0)
FN:4,(anonymous_1)
FN:5,(anonymous_2)
FN:16,(anonymous_3)
FN:25,(anonymous_4)
FN:42,(anonymous_5)
FN:50,(anonymous_6)
FN:53,(anonymous_7)
FNF:8
FNH:1
FNDA:0,(anonymous_0)
FNDA:0,(anonymous_1)
FNDA:0,(anonymous_2)
FNDA:11,(anonymous_3)
FNDA:0,(anonymous_4)
FNDA:0,(anonymous_5)
FNDA:0,(anonymous_6)
FNDA:0,(anonymous_7)
DA:1,1
DA:3,1
DA:4,1
DA:5,1
DA:19,11
DA:20,11
DA:21,11
DA:22,11
DA:26,0
DA:35,0
DA:43,0
DA:50,0
DA:54,0
DA:58,0
DA:66,1
LF:15
LH:9
BRF:0
BRH:0
end_of_record
TN:
SF:lib/setup.js
FN:9,(anonymous_0)
FN:29,(anonymous_1)
FN:36,(anonymous_2)
FN:43,(anonymous_3)
FNF:4
FNH:1
FNDA:11,(anonymous_0)
FNDA:0,(anonymous_1)
FNDA:0,(anonymous_2)
FNDA:0,(anonymous_3)
DA:1,1
DA:3,1
DA:4,1
DA:5,1
DA:6,1
DA:7,1
DA:9,1
DA:14,11
DA:15,11
DA:17,0
DA:18,0
DA:21,11
DA:22,11
DA:23,11
DA:24,11
DA:25,11
DA:26,11
DA:28,11
DA:30,0
DA:31,0
DA:37,0
DA:40,0
DA:43,0
DA:55,11
DA:57,0
DA:58,0
LF:26
LH:17
BRDA:43,0,0,0
BRDA:43,0,1,0
BRF:2
BRH:0
end_of_record
TN:
SF:lib/utils/getFileContents.js
FN:4,getFileContents
FNF:1
FNH:1
FNDA:1,getFileContents
DA:1,2
DA:2,2
DA:4,2
DA:5,1
DA:6,1
LF:5
LH:5
BRF:0
BRH:0
end_of_record
TN:
SF:lib/utils/getInput.js
FN:3,(anonymous_0)
FN:11,(anonymous_1)
FNF:2
FNH:2
FNDA:59,(anonymous_0)
FNDA:35,(anonymous_1)
DA:1,2
DA:3,2
DA:4,59
DA:5,59
DA:6,1
DA:8,58
DA:11,2
DA:12,35
DA:13,35
DA:14,1
DA:16,34
LF:11
LH:11
BRDA:3,0,0,1
BRDA:4,1,0,59
BRDA:4,1,1,50
BRDA:5,2,0,1
BRDA:5,2,1,58
BRDA:5,3,0,59
BRDA:5,3,1,59
BRDA:13,4,0,1
BRDA:13,4,1,34
BRDA:13,5,0,35
BRDA:13,5,1,2
BRF:11
BRH:11
end_of_record
TN:
SF:lib/utils/getInputs.js
FN:5,(anonymous_0)
FNF:1
FNH:1
FNDA:11,(anonymous_0)
DA:1,1
DA:3,1
DA:5,1
DA:6,11
DA:7,11
DA:8,11
DA:9,11
DA:10,11
DA:11,11
DA:17,11
DA:22,11
DA:24,11
DA:25,11
DA:27,11
DA:44,0
DA:45,0
LF:16
LH:14
BRF:0
BRH:0
end_of_record
TN:
SF:lib/utils/getParentDirectoryName.js
FN:4,getParentDirectoryName
FNF:1
FNH:1
FNDA:1,getParentDirectoryName
DA:1,2
DA:2,2
DA:4,2
DA:5,1
DA:6,1
LF:5
LH:5
BRF:0
BRH:0
end_of_record
TN:
SF:lib/utils/listFilteredFiles.js
FN:4,filteredFileList
FN:14,(anonymous_1)
FN:15,(anonymous_2)
FN:28,(anonymous_3)
FNF:4
FNH:4
FNDA:17,filteredFileList
FNDA:17,(anonymous_1)
FNDA:28,(anonymous_2)
FNDA:17,(anonymous_3)
DA:1,2
DA:2,2
DA:4,2
DA:8,17
DA:9,17
DA:10,17
DA:13,17
DA:15,17
DA:16,28
DA:17,3
DA:18,3
DA:21,25
DA:22,5
DA:23,5
DA:28,17
DA:29,17
LF:16
LH:16
BRDA:16,0,0,3
BRDA:16,0,1,25
BRDA:21,1,0,5
BRDA:21,1,1,20
BRF:4
BRH:4
end_of_record
